<?xml version="1.0" encoding="UTF-8"?>
<testsuite xmlns:xsi="http://www.w3.org/2001/XMLSchema-instance" xsi:noNamespaceSchemaLocation="https://maven.apache.org/surefire/maven-surefire-plugin/xsd/surefire-test-report-3.0.xsd" version="3.0" name="com.pahanaedu.bookshop.resource.util.DatabaseConnectionTest" time="0.002" tests="6" errors="0" skipped="0" failures="0">
  <properties>
    <property name="java.specification.version" value="17"/>
    <property name="sun.cpu.isalist" value="amd64"/>
    <property name="sun.jnu.encoding" value="Cp1252"/>
    <property name="java.class.path" value="C:\Users\Laptopkinglk.com\Videos\New folder\correct\Pahan_Edu_Book_Shop\target\test-classes;C:\Users\Laptopkinglk.com\Videos\New folder\correct\Pahan_Edu_Book_Shop\target\classes;C:\Users\Laptopkinglk.com\.m2\repository\javax\servlet\javax.servlet-api\4.0.1\javax.servlet-api-4.0.1.jar;C:\Users\Laptopkinglk.com\.m2\repository\javax\servlet\jsp\javax.servlet.jsp-api\2.3.3\javax.servlet.jsp-api-2.3.3.jar;C:\Users\Laptopkinglk.com\.m2\repository\javax\servlet\jstl\1.2\jstl-1.2.jar;C:\Users\Laptopkinglk.com\.m2\repository\com\mysql\mysql-connector-j\8.0.33\mysql-connector-j-8.0.33.jar;C:\Users\Laptopkinglk.com\.m2\repository\com\google\protobuf\protobuf-java\3.21.9\protobuf-java-3.21.9.jar;C:\Users\Laptopkinglk.com\.m2\repository\com\google\code\gson\gson\2.8.9\gson-2.8.9.jar;C:\Users\Laptopkinglk.com\.m2\repository\org\mindrot\jbcrypt\0.4\jbcrypt-0.4.jar;C:\Users\Laptopkinglk.com\.m2\repository\com\fasterxml\jackson\core\jackson-databind\2.14.2\jackson-databind-2.14.2.jar;C:\Users\Laptopkinglk.com\.m2\repository\com\fasterxml\jackson\core\jackson-annotations\2.14.2\jackson-annotations-2.14.2.jar;C:\Users\Laptopkinglk.com\.m2\repository\com\fasterxml\jackson\core\jackson-core\2.14.2\jackson-core-2.14.2.jar;C:\Users\Laptopkinglk.com\.m2\repository\junit\junit\4.13.2\junit-4.13.2.jar;C:\Users\Laptopkinglk.com\.m2\repository\org\hamcrest\hamcrest-core\1.3\hamcrest-core-1.3.jar;"/>
    <property name="java.vm.vendor" value="OpenLogic"/>
    <property name="sun.arch.data.model" value="64"/>
    <property name="user.variant" value=""/>
    <property name="java.vendor.url" value="https://openlogic.com/"/>
    <property name="user.timezone" value="Asia/Colombo"/>
    <property name="os.name" value="Windows 11"/>
    <property name="java.vm.specification.version" value="17"/>
    <property name="sun.java.launcher" value="SUN_STANDARD"/>
    <property name="user.country" value="US"/>
    <property name="sun.boot.library.path" value="C:\Program Files\OpenLogic\jdk-17.0.14.7-hotspot\bin"/>
    <property name="sun.java.command" value="C:\Users\Laptopkinglk.com\AppData\Local\Temp\surefire18395827677139750044\surefirebooter-20250820122436809_3.jar C:\Users\Laptopkinglk.com\AppData\Local\Temp\surefire18395827677139750044 2025-08-20T12-24-36_091-jvmRun1 surefire-20250820122436809_1tmp surefire_0-20250820122436809_2tmp"/>
    <property name="jdk.debug" value="release"/>
    <property name="surefire.test.class.path" value="C:\Users\Laptopkinglk.com\Videos\New folder\correct\Pahan_Edu_Book_Shop\target\test-classes;C:\Users\Laptopkinglk.com\Videos\New folder\correct\Pahan_Edu_Book_Shop\target\classes;C:\Users\Laptopkinglk.com\.m2\repository\javax\servlet\javax.servlet-api\4.0.1\javax.servlet-api-4.0.1.jar;C:\Users\Laptopkinglk.com\.m2\repository\javax\servlet\jsp\javax.servlet.jsp-api\2.3.3\javax.servlet.jsp-api-2.3.3.jar;C:\Users\Laptopkinglk.com\.m2\repository\javax\servlet\jstl\1.2\jstl-1.2.jar;C:\Users\Laptopkinglk.com\.m2\repository\com\mysql\mysql-connector-j\8.0.33\mysql-connector-j-8.0.33.jar;C:\Users\Laptopkinglk.com\.m2\repository\com\google\protobuf\protobuf-java\3.21.9\protobuf-java-3.21.9.jar;C:\Users\Laptopkinglk.com\.m2\repository\com\google\code\gson\gson\2.8.9\gson-2.8.9.jar;C:\Users\Laptopkinglk.com\.m2\repository\org\mindrot\jbcrypt\0.4\jbcrypt-0.4.jar;C:\Users\Laptopkinglk.com\.m2\repository\com\fasterxml\jackson\core\jackson-databind\2.14.2\jackson-databind-2.14.2.jar;C:\Users\Laptopkinglk.com\.m2\repository\com\fasterxml\jackson\core\jackson-annotations\2.14.2\jackson-annotations-2.14.2.jar;C:\Users\Laptopkinglk.com\.m2\repository\com\fasterxml\jackson\core\jackson-core\2.14.2\jackson-core-2.14.2.jar;C:\Users\Laptopkinglk.com\.m2\repository\junit\junit\4.13.2\junit-4.13.2.jar;C:\Users\Laptopkinglk.com\.m2\repository\org\hamcrest\hamcrest-core\1.3\hamcrest-core-1.3.jar;"/>
    <property name="sun.cpu.endian" value="little"/>
    <property name="user.home" value="C:\Users\Laptopkinglk.com"/>
    <property name="user.language" value="en"/>
    <property name="java.specification.vendor" value="Oracle Corporation"/>
    <property name="java.version.date" value="2025-01-21"/>
    <property name="java.home" value="C:\Program Files\OpenLogic\jdk-17.0.14.7-hotspot"/>
    <property name="file.separator" value="\"/>
    <property name="basedir" value="C:\Users\Laptopkinglk.com\Videos\New folder\correct\Pahan_Edu_Book_Shop"/>
    <property name="java.vm.compressedOopsMode" value="Zero based"/>
    <property name="line.separator" value="&#10;"/>
    <property name="java.vm.specification.vendor" value="Oracle Corporation"/>
    <property name="java.specification.name" value="Java Platform API Specification"/>
    <property name="surefire.real.class.path" value="C:\Users\Laptopkinglk.com\AppData\Local\Temp\surefire18395827677139750044\surefirebooter-20250820122436809_3.jar"/>
    <property name="user.script" value=""/>
    <property name="sun.management.compiler" value="HotSpot 64-Bit Tiered Compilers"/>
    <property name="java.runtime.version" value="17.0.14+7-adhoc..jdk17u"/>
    <property name="user.name" value="Laptopkinglk.com"/>
    <property name="path.separator" value=";"/>
    <property name="os.version" value="10.0"/>
    <property name="java.runtime.name" value="OpenJDK Runtime Environment"/>
    <property name="file.encoding" value="Cp1252"/>
    <property name="java.vm.name" value="OpenJDK 64-Bit Server VM"/>
    <property name="java.vendor.version" value="OpenLogic-OpenJDK"/>
    <property name="localRepository" value="C:\Users\Laptopkinglk.com\.m2\repository"/>
    <property name="java.vendor.url.bug" value="https://techsupport.roguewave.com/"/>
    <property name="java.io.tmpdir" value="C:\Users\LAPTOP~1.COM\AppData\Local\Temp\"/>
    <property name="java.version" value="17.0.14"/>
    <property name="user.dir" value="C:\Users\Laptopkinglk.com\Videos\New folder\correct\Pahan_Edu_Book_Shop"/>
    <property name="os.arch" value="amd64"/>
    <property name="java.vm.specification.name" value="Java Virtual Machine Specification"/>
    <property name="sun.os.patch.level" value=""/>
    <property name="native.encoding" value="Cp1252"/>
    <property name="java.library.path" value="C:\Program Files\OpenLogic\jdk-17.0.14.7-hotspot\bin;C:\WINDOWS\Sun\Java\bin;C:\WINDOWS\system32;C:\WINDOWS;C:\Program Files\OpenLogic\jdk-17.0.14.7-hotspot\bin;C:\Program Files\Common Files\Oracle\Java\javapath;C:\WINDOWS\system32;C:\WINDOWS;C:\WINDOWS\System32\Wbem;C:\WINDOWS\System32\WindowsPowerShell\v1.0\;C:\WINDOWS\System32\OpenSSH\;C:\Program Files\Git\cmd;C:\Program Files\nodejs\;C:\Program Files\OpenLogic\jdk-17.0.14.7-hotspot\bin;C:\wamp64\bin\php\php7.4.33;C:\composer;C:\Users\Laptopkinglk.com\Documents\apache-maven-3.9.10\bin\bin;C:\Users\Laptopkinglk.com\Documents\apache-maven-3.9.10\bin;C:\Users\Laptopkinglk.com\AppData\Local\Microsoft\WindowsApps;C:\Users\Laptopkinglk.com\AppData\Local\Programs\Microsoft VS Code\bin;C:\Users\Laptopkinglk.com\AppData\Roaming\npm;C:\Users\Laptopkinglk.com\AppData\Local\Programs\Windsurf\bin;C:\Users\Laptopkinglk.com\AppData\Roaming\Composer\vendor\bin;C:\Users\Laptopkinglk.com\AppData\Local\Programs\cursor\resources\app\bin;c:\Users\Laptopkinglk.com\AppData\Roaming\Code\User\globalStorage\github.copilot-chat\debugCommand;."/>
    <property name="java.vm.info" value="mixed mode, sharing"/>
    <property name="java.vendor" value="OpenLogic"/>
    <property name="java.vm.version" value="17.0.14+7-adhoc..jdk17u"/>
    <property name="java.specification.maintenance.version" value="1"/>
    <property name="sun.io.unicode.encoding" value="UnicodeLittle"/>
    <property name="java.class.version" value="61.0"/>
  </properties>
  <testcase name="testSingletonPattern" classname="com.pahanaedu.bookshop.resource.util.DatabaseConnectionTest" time="0.0"/>
  <testcase name="testConnectionReturnToPool" classname="com.pahanaedu.bookshop.resource.util.DatabaseConnectionTest" time="0.0"/>
  <testcase name="testConnectionPoolInitialization" classname="com.pahanaedu.bookshop.resource.util.DatabaseConnectionTest" time="0.0"/>
  <testcase name="testConnectionValidation" classname="com.pahanaedu.bookshop.resource.util.DatabaseConnectionTest" time="0.0"/>
  <testcase name="testGetPoolStatistics" classname="com.pahanaedu.bookshop.resource.util.DatabaseConnectionTest" time="0.0"/>
  <testcase name="testMultipleConnections" classname="com.pahanaedu.bookshop.resource.util.DatabaseConnectionTest" time="0.0"/>
</testsuite>